<?xml version="1.0" encoding="UTF-8"?>
<!-- Generated by org.testng.reporters.JUnitReportReporter -->
<testsuite hostname="MobilityCoes-iMac.local" name="com.dev.build.BuildDev" tests="1" failures="0" timestamp="14 Nov 2019 06:35:10 GMT" time="0.061" errors="0">
  <testcase name="devBuild" time="0.061" classname="com.dev.build.BuildDev"/>
</testsuite> <!-- com.dev.build.BuildDev -->
